Determining if the pthread_create exist failed with the following output:
Change Dir: /home/splatt/logaritmos_tarea1/cmake-build-debug/CMakeFiles/CMakeTmp

Run Build Command:"/usr/bin/make" "cmTC_0038a/fast"
/usr/bin/make -f CMakeFiles/cmTC_0038a.dir/build.make CMakeFiles/cmTC_0038a.dir/build
make[1]: se ingresa al directorio «/home/splatt/logaritmos_tarea1/cmake-build-debug/CMakeFiles/CMakeTmp»
Building C object CMakeFiles/cmTC_0038a.dir/CheckSymbolExists.c.o
/usr/bin/cc    -o CMakeFiles/cmTC_0038a.dir/CheckSymbolExists.c.o   -c /home/splatt/logaritmos_tarea1/cmake-build-debug/CMakeFiles/CMakeTmp/CheckSymbolExists.c
Linking C executable cmTC_0038a
/opt/clion-2017.2.2/bin/cmake/bin/cmake -E cmake_link_script CMakeFiles/cmTC_0038a.dir/link.txt --verbose=1
/usr/bin/cc      -rdynamic CMakeFiles/cmTC_0038a.dir/CheckSymbolExists.c.o  -o cmTC_0038a 
CMakeFiles/cmTC_0038a.dir/CheckSymbolExists.c.o: En la función `main':
CheckSymbolExists.c:(.text+0x16): referencia a `pthread_create' sin definir
collect2: error: ld returned 1 exit status
make[1]: *** [cmTC_0038a] Error 1
make[1]: se sale del directorio «/home/splatt/logaritmos_tarea1/cmake-build-debug/CMakeFiles/CMakeTmp»
make: *** [cmTC_0038a/fast] Error 2

File /home/splatt/logaritmos_tarea1/cmake-build-debug/CMakeFiles/CMakeTmp/CheckSymbolExists.c:
/* */
#include <pthread.h>

int main(int argc, char** argv)
{
  (void)argv;
#ifndef pthread_create
  return ((int*)(&pthread_create))[argc];
#else
  (void)argc;
  return 0;
#endif
}

